[15-Jun-2024 13:51:48 UTC] PHP Warning:  include(C:\OSPanel\domains\buildings\wp-content\plugins\objects-plugin\inc/templates/content-object-list.php): failed to open stream: No such file or directory in C:\OSPanel\domains\buildings\wp-content\plugins\objects-plugin\inc\ajax.php on line 116
[15-Jun-2024 13:51:48 UTC] PHP Warning:  include(): Failed opening 'C:\OSPanel\domains\buildings\wp-content\plugins\objects-plugin\inc/templates/content-object-list.php' for inclusion (include_path='.') in C:\OSPanel\domains\buildings\wp-content\plugins\objects-plugin\inc\ajax.php on line 116
[15-Jun-2024 14:28:15 UTC] PHP Notice:  Undefined variable: post in C:\OSPanel\domains\buildings\wp-content\plugins\objects-plugin\templates\content-object-list.php on line 2
[15-Jun-2024 14:28:15 UTC] PHP Notice:  Trying to get property 'ID' of non-object in C:\OSPanel\domains\buildings\wp-content\plugins\objects-plugin\templates\content-object-list.php on line 2
[15-Jun-2024 14:28:15 UTC] PHP Notice:  Undefined variable: post in C:\OSPanel\domains\buildings\wp-content\plugins\objects-plugin\templates\content-object-list.php on line 2
[15-Jun-2024 14:28:15 UTC] PHP Notice:  Trying to get property 'ID' of non-object in C:\OSPanel\domains\buildings\wp-content\plugins\objects-plugin\templates\content-object-list.php on line 2
[15-Jun-2024 14:28:15 UTC] PHP Notice:  Undefined variable: post in C:\OSPanel\domains\buildings\wp-content\plugins\objects-plugin\templates\content-object-list.php on line 2
[15-Jun-2024 14:28:15 UTC] PHP Notice:  Trying to get property 'ID' of non-object in C:\OSPanel\domains\buildings\wp-content\plugins\objects-plugin\templates\content-object-list.php on line 2
[15-Jun-2024 14:28:15 UTC] PHP Notice:  Undefined variable: post in C:\OSPanel\domains\buildings\wp-content\plugins\objects-plugin\templates\content-object-list.php on line 2
[15-Jun-2024 14:28:15 UTC] PHP Notice:  Trying to get property 'ID' of non-object in C:\OSPanel\domains\buildings\wp-content\plugins\objects-plugin\templates\content-object-list.php on line 2
[15-Jun-2024 14:28:15 UTC] PHP Notice:  Undefined variable: post in C:\OSPanel\domains\buildings\wp-content\plugins\objects-plugin\templates\content-object-list.php on line 2
[15-Jun-2024 14:28:15 UTC] PHP Notice:  Trying to get property 'ID' of non-object in C:\OSPanel\domains\buildings\wp-content\plugins\objects-plugin\templates\content-object-list.php on line 2
[15-Jun-2024 17:57:53 UTC] PHP Notice:  Undefined variable: post in C:\OSPanel\domains\buildings\wp-content\plugins\objects-plugin\templates\content-object-list.php on line 2
[15-Jun-2024 17:57:53 UTC] PHP Notice:  Trying to get property 'ID' of non-object in C:\OSPanel\domains\buildings\wp-content\plugins\objects-plugin\templates\content-object-list.php on line 2
[15-Jun-2024 17:57:53 UTC] PHP Notice:  Undefined variable: post in C:\OSPanel\domains\buildings\wp-content\plugins\objects-plugin\templates\content-object-list.php on line 2
[15-Jun-2024 17:57:53 UTC] PHP Notice:  Trying to get property 'ID' of non-object in C:\OSPanel\domains\buildings\wp-content\plugins\objects-plugin\templates\content-object-list.php on line 2
[15-Jun-2024 17:57:53 UTC] PHP Notice:  Undefined variable: post in C:\OSPanel\domains\buildings\wp-content\plugins\objects-plugin\templates\content-object-list.php on line 2
[15-Jun-2024 17:57:53 UTC] PHP Notice:  Trying to get property 'ID' of non-object in C:\OSPanel\domains\buildings\wp-content\plugins\objects-plugin\templates\content-object-list.php on line 2
[15-Jun-2024 17:57:53 UTC] PHP Notice:  Undefined variable: post in C:\OSPanel\domains\buildings\wp-content\plugins\objects-plugin\templates\content-object-list.php on line 2
[15-Jun-2024 17:57:53 UTC] PHP Notice:  Trying to get property 'ID' of non-object in C:\OSPanel\domains\buildings\wp-content\plugins\objects-plugin\templates\content-object-list.php on line 2
[15-Jun-2024 17:57:53 UTC] PHP Notice:  Undefined variable: post in C:\OSPanel\domains\buildings\wp-content\plugins\objects-plugin\templates\content-object-list.php on line 2
[15-Jun-2024 17:57:53 UTC] PHP Notice:  Trying to get property 'ID' of non-object in C:\OSPanel\domains\buildings\wp-content\plugins\objects-plugin\templates\content-object-list.php on line 2
[15-Jun-2024 18:14:39 UTC] PHP Notice:  Undefined variable: post in C:\OSPanel\domains\buildings\wp-content\plugins\objects-plugin\templates\content-object-list.php on line 2
[15-Jun-2024 18:14:39 UTC] PHP Notice:  Trying to get property 'ID' of non-object in C:\OSPanel\domains\buildings\wp-content\plugins\objects-plugin\templates\content-object-list.php on line 2
[15-Jun-2024 18:14:39 UTC] PHP Notice:  Undefined variable: post in C:\OSPanel\domains\buildings\wp-content\plugins\objects-plugin\templates\content-object-list.php on line 2
[15-Jun-2024 18:14:39 UTC] PHP Notice:  Trying to get property 'ID' of non-object in C:\OSPanel\domains\buildings\wp-content\plugins\objects-plugin\templates\content-object-list.php on line 2
[15-Jun-2024 18:14:39 UTC] PHP Notice:  Undefined variable: post in C:\OSPanel\domains\buildings\wp-content\plugins\objects-plugin\templates\content-object-list.php on line 2
[15-Jun-2024 18:14:39 UTC] PHP Notice:  Trying to get property 'ID' of non-object in C:\OSPanel\domains\buildings\wp-content\plugins\objects-plugin\templates\content-object-list.php on line 2
[15-Jun-2024 18:14:39 UTC] PHP Notice:  Undefined variable: post in C:\OSPanel\domains\buildings\wp-content\plugins\objects-plugin\templates\content-object-list.php on line 2
[15-Jun-2024 18:14:39 UTC] PHP Notice:  Trying to get property 'ID' of non-object in C:\OSPanel\domains\buildings\wp-content\plugins\objects-plugin\templates\content-object-list.php on line 2
[15-Jun-2024 18:14:39 UTC] PHP Notice:  Undefined variable: post in C:\OSPanel\domains\buildings\wp-content\plugins\objects-plugin\templates\content-object-list.php on line 2
[15-Jun-2024 18:14:39 UTC] PHP Notice:  Trying to get property 'ID' of non-object in C:\OSPanel\domains\buildings\wp-content\plugins\objects-plugin\templates\content-object-list.php on line 2
[15-Jun-2024 18:15:41 UTC] PHP Notice:  Undefined variable: post in C:\OSPanel\domains\buildings\wp-content\plugins\objects-plugin\templates\content-object-list.php on line 2
[15-Jun-2024 18:15:41 UTC] PHP Notice:  Trying to get property 'ID' of non-object in C:\OSPanel\domains\buildings\wp-content\plugins\objects-plugin\templates\content-object-list.php on line 2
[15-Jun-2024 18:15:41 UTC] PHP Notice:  Undefined variable: post in C:\OSPanel\domains\buildings\wp-content\plugins\objects-plugin\templates\content-object-list.php on line 5
[15-Jun-2024 18:15:41 UTC] PHP Notice:  Trying to get property 'ID' of non-object in C:\OSPanel\domains\buildings\wp-content\plugins\objects-plugin\templates\content-object-list.php on line 5
[15-Jun-2024 18:15:41 UTC] PHP Notice:  Undefined variable: post in C:\OSPanel\domains\buildings\wp-content\plugins\objects-plugin\templates\content-object-list.php on line 2
[15-Jun-2024 18:15:41 UTC] PHP Notice:  Trying to get property 'ID' of non-object in C:\OSPanel\domains\buildings\wp-content\plugins\objects-plugin\templates\content-object-list.php on line 2
[15-Jun-2024 18:15:41 UTC] PHP Notice:  Undefined variable: post in C:\OSPanel\domains\buildings\wp-content\plugins\objects-plugin\templates\content-object-list.php on line 5
[15-Jun-2024 18:15:41 UTC] PHP Notice:  Trying to get property 'ID' of non-object in C:\OSPanel\domains\buildings\wp-content\plugins\objects-plugin\templates\content-object-list.php on line 5
[15-Jun-2024 18:15:41 UTC] PHP Notice:  Undefined variable: post in C:\OSPanel\domains\buildings\wp-content\plugins\objects-plugin\templates\content-object-list.php on line 2
[15-Jun-2024 18:15:41 UTC] PHP Notice:  Trying to get property 'ID' of non-object in C:\OSPanel\domains\buildings\wp-content\plugins\objects-plugin\templates\content-object-list.php on line 2
[15-Jun-2024 18:15:41 UTC] PHP Notice:  Undefined variable: post in C:\OSPanel\domains\buildings\wp-content\plugins\objects-plugin\templates\content-object-list.php on line 5
[15-Jun-2024 18:15:41 UTC] PHP Notice:  Trying to get property 'ID' of non-object in C:\OSPanel\domains\buildings\wp-content\plugins\objects-plugin\templates\content-object-list.php on line 5
[15-Jun-2024 18:15:41 UTC] PHP Notice:  Undefined variable: post in C:\OSPanel\domains\buildings\wp-content\plugins\objects-plugin\templates\content-object-list.php on line 2
[15-Jun-2024 18:15:41 UTC] PHP Notice:  Trying to get property 'ID' of non-object in C:\OSPanel\domains\buildings\wp-content\plugins\objects-plugin\templates\content-object-list.php on line 2
[15-Jun-2024 18:15:41 UTC] PHP Notice:  Undefined variable: post in C:\OSPanel\domains\buildings\wp-content\plugins\objects-plugin\templates\content-object-list.php on line 5
[15-Jun-2024 18:15:41 UTC] PHP Notice:  Trying to get property 'ID' of non-object in C:\OSPanel\domains\buildings\wp-content\plugins\objects-plugin\templates\content-object-list.php on line 5
[15-Jun-2024 18:15:41 UTC] PHP Notice:  Undefined variable: post in C:\OSPanel\domains\buildings\wp-content\plugins\objects-plugin\templates\content-object-list.php on line 2
[15-Jun-2024 18:15:41 UTC] PHP Notice:  Trying to get property 'ID' of non-object in C:\OSPanel\domains\buildings\wp-content\plugins\objects-plugin\templates\content-object-list.php on line 2
[15-Jun-2024 18:15:41 UTC] PHP Notice:  Undefined variable: post in C:\OSPanel\domains\buildings\wp-content\plugins\objects-plugin\templates\content-object-list.php on line 5
[15-Jun-2024 18:15:41 UTC] PHP Notice:  Trying to get property 'ID' of non-object in C:\OSPanel\domains\buildings\wp-content\plugins\objects-plugin\templates\content-object-list.php on line 5
[15-Jun-2024 18:16:59 UTC] PHP Warning:  array_filter() expects parameter 1 to be array, null given in C:\OSPanel\domains\buildings\wp-includes\class-wp-query.php on line 3662
[15-Jun-2024 18:16:59 UTC] PHP Warning:  array_filter() expects parameter 1 to be array, null given in C:\OSPanel\domains\buildings\wp-includes\class-wp-query.php on line 3664
[15-Jun-2024 18:16:59 UTC] PHP Warning:  array_map(): Expected parameter 2 to be an array, null given in C:\OSPanel\domains\buildings\wp-includes\class-wp-query.php on line 3668
[15-Jun-2024 18:16:59 UTC] PHP Notice:  Trying to access array offset on value of type null in C:\OSPanel\domains\buildings\wp-includes\class-wp-query.php on line 3643
[15-Jun-2024 18:16:59 UTC] PHP Notice:  Undefined variable: post in C:\OSPanel\domains\buildings\wp-content\plugins\objects-plugin\templates\content-object-list.php on line 5
[15-Jun-2024 18:16:59 UTC] PHP Notice:  Trying to get property 'ID' of non-object in C:\OSPanel\domains\buildings\wp-content\plugins\objects-plugin\templates\content-object-list.php on line 5
[15-Jun-2024 18:16:59 UTC] PHP Notice:  Trying to access array offset on value of type null in C:\OSPanel\domains\buildings\wp-includes\class-wp-query.php on line 3643
[15-Jun-2024 18:16:59 UTC] PHP Notice:  Undefined variable: post in C:\OSPanel\domains\buildings\wp-content\plugins\objects-plugin\templates\content-object-list.php on line 5
[15-Jun-2024 18:16:59 UTC] PHP Notice:  Trying to get property 'ID' of non-object in C:\OSPanel\domains\buildings\wp-content\plugins\objects-plugin\templates\content-object-list.php on line 5
[15-Jun-2024 18:16:59 UTC] PHP Notice:  Trying to access array offset on value of type null in C:\OSPanel\domains\buildings\wp-includes\class-wp-query.php on line 3643
[15-Jun-2024 18:16:59 UTC] PHP Notice:  Undefined variable: post in C:\OSPanel\domains\buildings\wp-content\plugins\objects-plugin\templates\content-object-list.php on line 5
[15-Jun-2024 18:16:59 UTC] PHP Notice:  Trying to get property 'ID' of non-object in C:\OSPanel\domains\buildings\wp-content\plugins\objects-plugin\templates\content-object-list.php on line 5
[15-Jun-2024 18:16:59 UTC] PHP Notice:  Trying to access array offset on value of type null in C:\OSPanel\domains\buildings\wp-includes\class-wp-query.php on line 3643
[15-Jun-2024 18:16:59 UTC] PHP Notice:  Undefined variable: post in C:\OSPanel\domains\buildings\wp-content\plugins\objects-plugin\templates\content-object-list.php on line 5
[15-Jun-2024 18:16:59 UTC] PHP Notice:  Trying to get property 'ID' of non-object in C:\OSPanel\domains\buildings\wp-content\plugins\objects-plugin\templates\content-object-list.php on line 5
[15-Jun-2024 18:16:59 UTC] PHP Notice:  Trying to access array offset on value of type null in C:\OSPanel\domains\buildings\wp-includes\class-wp-query.php on line 3643
[15-Jun-2024 18:16:59 UTC] PHP Notice:  Undefined variable: post in C:\OSPanel\domains\buildings\wp-content\plugins\objects-plugin\templates\content-object-list.php on line 5
[15-Jun-2024 18:16:59 UTC] PHP Notice:  Trying to get property 'ID' of non-object in C:\OSPanel\domains\buildings\wp-content\plugins\objects-plugin\templates\content-object-list.php on line 5
[15-Jun-2024 18:17:24 UTC] PHP Notice:  Undefined variable: post in C:\OSPanel\domains\buildings\wp-content\plugins\objects-plugin\templates\content-object-list.php on line 2
[15-Jun-2024 18:17:24 UTC] PHP Notice:  Undefined variable: post in C:\OSPanel\domains\buildings\wp-content\plugins\objects-plugin\templates\content-object-list.php on line 5
[15-Jun-2024 18:17:24 UTC] PHP Notice:  Trying to get property 'ID' of non-object in C:\OSPanel\domains\buildings\wp-content\plugins\objects-plugin\templates\content-object-list.php on line 5
[15-Jun-2024 18:17:24 UTC] PHP Notice:  Undefined variable: post in C:\OSPanel\domains\buildings\wp-content\plugins\objects-plugin\templates\content-object-list.php on line 2
[15-Jun-2024 18:17:24 UTC] PHP Notice:  Undefined variable: post in C:\OSPanel\domains\buildings\wp-content\plugins\objects-plugin\templates\content-object-list.php on line 5
[15-Jun-2024 18:17:24 UTC] PHP Notice:  Trying to get property 'ID' of non-object in C:\OSPanel\domains\buildings\wp-content\plugins\objects-plugin\templates\content-object-list.php on line 5
[15-Jun-2024 18:17:24 UTC] PHP Notice:  Undefined variable: post in C:\OSPanel\domains\buildings\wp-content\plugins\objects-plugin\templates\content-object-list.php on line 2
[15-Jun-2024 18:17:24 UTC] PHP Notice:  Undefined variable: post in C:\OSPanel\domains\buildings\wp-content\plugins\objects-plugin\templates\content-object-list.php on line 5
[15-Jun-2024 18:17:24 UTC] PHP Notice:  Trying to get property 'ID' of non-object in C:\OSPanel\domains\buildings\wp-content\plugins\objects-plugin\templates\content-object-list.php on line 5
[15-Jun-2024 18:17:24 UTC] PHP Notice:  Undefined variable: post in C:\OSPanel\domains\buildings\wp-content\plugins\objects-plugin\templates\content-object-list.php on line 2
[15-Jun-2024 18:17:24 UTC] PHP Notice:  Undefined variable: post in C:\OSPanel\domains\buildings\wp-content\plugins\objects-plugin\templates\content-object-list.php on line 5
[15-Jun-2024 18:17:24 UTC] PHP Notice:  Trying to get property 'ID' of non-object in C:\OSPanel\domains\buildings\wp-content\plugins\objects-plugin\templates\content-object-list.php on line 5
[15-Jun-2024 18:17:24 UTC] PHP Notice:  Undefined variable: post in C:\OSPanel\domains\buildings\wp-content\plugins\objects-plugin\templates\content-object-list.php on line 2
[15-Jun-2024 18:17:24 UTC] PHP Notice:  Undefined variable: post in C:\OSPanel\domains\buildings\wp-content\plugins\objects-plugin\templates\content-object-list.php on line 5
[15-Jun-2024 18:17:24 UTC] PHP Notice:  Trying to get property 'ID' of non-object in C:\OSPanel\domains\buildings\wp-content\plugins\objects-plugin\templates\content-object-list.php on line 5
[15-Jun-2024 18:18:57 UTC] PHP Notice:  Undefined variable: post in C:\OSPanel\domains\buildings\wp-content\plugins\objects-plugin\inc\ajax.php on line 121
[15-Jun-2024 18:18:57 UTC] PHP Notice:  Trying to get property 'id' of non-object in C:\OSPanel\domains\buildings\wp-content\plugins\objects-plugin\inc\ajax.php on line 121
[15-Jun-2024 18:18:57 UTC] PHP Notice:  Undefined variable: post in C:\OSPanel\domains\buildings\wp-content\plugins\objects-plugin\templates\content-object-list.php on line 2
[15-Jun-2024 18:18:57 UTC] PHP Notice:  Undefined variable: post in C:\OSPanel\domains\buildings\wp-content\plugins\objects-plugin\templates\content-object-list.php on line 5
[15-Jun-2024 18:18:57 UTC] PHP Notice:  Trying to get property 'ID' of non-object in C:\OSPanel\domains\buildings\wp-content\plugins\objects-plugin\templates\content-object-list.php on line 5
[15-Jun-2024 18:18:57 UTC] PHP Notice:  Undefined variable: post in C:\OSPanel\domains\buildings\wp-content\plugins\objects-plugin\inc\ajax.php on line 121
[15-Jun-2024 18:18:57 UTC] PHP Notice:  Trying to get property 'id' of non-object in C:\OSPanel\domains\buildings\wp-content\plugins\objects-plugin\inc\ajax.php on line 121
[15-Jun-2024 18:18:57 UTC] PHP Notice:  Undefined variable: post in C:\OSPanel\domains\buildings\wp-content\plugins\objects-plugin\templates\content-object-list.php on line 2
[15-Jun-2024 18:18:57 UTC] PHP Notice:  Undefined variable: post in C:\OSPanel\domains\buildings\wp-content\plugins\objects-plugin\templates\content-object-list.php on line 5
[15-Jun-2024 18:18:57 UTC] PHP Notice:  Trying to get property 'ID' of non-object in C:\OSPanel\domains\buildings\wp-content\plugins\objects-plugin\templates\content-object-list.php on line 5
[15-Jun-2024 18:18:57 UTC] PHP Notice:  Undefined variable: post in C:\OSPanel\domains\buildings\wp-content\plugins\objects-plugin\inc\ajax.php on line 121
[15-Jun-2024 18:18:57 UTC] PHP Notice:  Trying to get property 'id' of non-object in C:\OSPanel\domains\buildings\wp-content\plugins\objects-plugin\inc\ajax.php on line 121
[15-Jun-2024 18:18:57 UTC] PHP Notice:  Undefined variable: post in C:\OSPanel\domains\buildings\wp-content\plugins\objects-plugin\templates\content-object-list.php on line 2
[15-Jun-2024 18:18:57 UTC] PHP Notice:  Undefined variable: post in C:\OSPanel\domains\buildings\wp-content\plugins\objects-plugin\templates\content-object-list.php on line 5
[15-Jun-2024 18:18:57 UTC] PHP Notice:  Trying to get property 'ID' of non-object in C:\OSPanel\domains\buildings\wp-content\plugins\objects-plugin\templates\content-object-list.php on line 5
[15-Jun-2024 18:18:57 UTC] PHP Notice:  Undefined variable: post in C:\OSPanel\domains\buildings\wp-content\plugins\objects-plugin\inc\ajax.php on line 121
[15-Jun-2024 18:18:57 UTC] PHP Notice:  Trying to get property 'id' of non-object in C:\OSPanel\domains\buildings\wp-content\plugins\objects-plugin\inc\ajax.php on line 121
[15-Jun-2024 18:18:57 UTC] PHP Notice:  Undefined variable: post in C:\OSPanel\domains\buildings\wp-content\plugins\objects-plugin\templates\content-object-list.php on line 2
[15-Jun-2024 18:18:57 UTC] PHP Notice:  Undefined variable: post in C:\OSPanel\domains\buildings\wp-content\plugins\objects-plugin\templates\content-object-list.php on line 5
[15-Jun-2024 18:18:57 UTC] PHP Notice:  Trying to get property 'ID' of non-object in C:\OSPanel\domains\buildings\wp-content\plugins\objects-plugin\templates\content-object-list.php on line 5
[15-Jun-2024 18:18:57 UTC] PHP Notice:  Undefined variable: post in C:\OSPanel\domains\buildings\wp-content\plugins\objects-plugin\inc\ajax.php on line 121
[15-Jun-2024 18:18:57 UTC] PHP Notice:  Trying to get property 'id' of non-object in C:\OSPanel\domains\buildings\wp-content\plugins\objects-plugin\inc\ajax.php on line 121
[15-Jun-2024 18:18:57 UTC] PHP Notice:  Undefined variable: post in C:\OSPanel\domains\buildings\wp-content\plugins\objects-plugin\templates\content-object-list.php on line 2
[15-Jun-2024 18:18:57 UTC] PHP Notice:  Undefined variable: post in C:\OSPanel\domains\buildings\wp-content\plugins\objects-plugin\templates\content-object-list.php on line 5
[15-Jun-2024 18:18:57 UTC] PHP Notice:  Trying to get property 'ID' of non-object in C:\OSPanel\domains\buildings\wp-content\plugins\objects-plugin\templates\content-object-list.php on line 5
[15-Jun-2024 18:19:31 UTC] PHP Notice:  Undefined variable: post in C:\OSPanel\domains\buildings\wp-content\plugins\objects-plugin\inc\ajax.php on line 121
[15-Jun-2024 18:19:31 UTC] PHP Notice:  Trying to get property 'id' of non-object in C:\OSPanel\domains\buildings\wp-content\plugins\objects-plugin\inc\ajax.php on line 121
[15-Jun-2024 18:19:31 UTC] PHP Notice:  Undefined variable: post in C:\OSPanel\domains\buildings\wp-content\plugins\objects-plugin\templates\content-object-list.php on line 2
[15-Jun-2024 18:19:31 UTC] PHP Notice:  Undefined variable: post in C:\OSPanel\domains\buildings\wp-content\plugins\objects-plugin\templates\content-object-list.php on line 5
[15-Jun-2024 18:19:31 UTC] PHP Notice:  Trying to get property 'ID' of non-object in C:\OSPanel\domains\buildings\wp-content\plugins\objects-plugin\templates\content-object-list.php on line 5
[15-Jun-2024 18:19:31 UTC] PHP Notice:  Undefined variable: post in C:\OSPanel\domains\buildings\wp-content\plugins\objects-plugin\inc\ajax.php on line 121
[15-Jun-2024 18:19:31 UTC] PHP Notice:  Trying to get property 'id' of non-object in C:\OSPanel\domains\buildings\wp-content\plugins\objects-plugin\inc\ajax.php on line 121
[15-Jun-2024 18:19:31 UTC] PHP Notice:  Undefined variable: post in C:\OSPanel\domains\buildings\wp-content\plugins\objects-plugin\templates\content-object-list.php on line 2
[15-Jun-2024 18:19:31 UTC] PHP Notice:  Undefined variable: post in C:\OSPanel\domains\buildings\wp-content\plugins\objects-plugin\templates\content-object-list.php on line 5
[15-Jun-2024 18:19:31 UTC] PHP Notice:  Trying to get property 'ID' of non-object in C:\OSPanel\domains\buildings\wp-content\plugins\objects-plugin\templates\content-object-list.php on line 5
[15-Jun-2024 18:19:31 UTC] PHP Notice:  Undefined variable: post in C:\OSPanel\domains\buildings\wp-content\plugins\objects-plugin\inc\ajax.php on line 121
[15-Jun-2024 18:19:31 UTC] PHP Notice:  Trying to get property 'id' of non-object in C:\OSPanel\domains\buildings\wp-content\plugins\objects-plugin\inc\ajax.php on line 121
[15-Jun-2024 18:19:31 UTC] PHP Notice:  Undefined variable: post in C:\OSPanel\domains\buildings\wp-content\plugins\objects-plugin\templates\content-object-list.php on line 2
[15-Jun-2024 18:19:31 UTC] PHP Notice:  Undefined variable: post in C:\OSPanel\domains\buildings\wp-content\plugins\objects-plugin\templates\content-object-list.php on line 5
[15-Jun-2024 18:19:31 UTC] PHP Notice:  Trying to get property 'ID' of non-object in C:\OSPanel\domains\buildings\wp-content\plugins\objects-plugin\templates\content-object-list.php on line 5
[15-Jun-2024 18:19:31 UTC] PHP Notice:  Undefined variable: post in C:\OSPanel\domains\buildings\wp-content\plugins\objects-plugin\inc\ajax.php on line 121
[15-Jun-2024 18:19:31 UTC] PHP Notice:  Trying to get property 'id' of non-object in C:\OSPanel\domains\buildings\wp-content\plugins\objects-plugin\inc\ajax.php on line 121
[15-Jun-2024 18:19:31 UTC] PHP Notice:  Undefined variable: post in C:\OSPanel\domains\buildings\wp-content\plugins\objects-plugin\templates\content-object-list.php on line 2
[15-Jun-2024 18:19:31 UTC] PHP Notice:  Undefined variable: post in C:\OSPanel\domains\buildings\wp-content\plugins\objects-plugin\templates\content-object-list.php on line 5
[15-Jun-2024 18:19:31 UTC] PHP Notice:  Trying to get property 'ID' of non-object in C:\OSPanel\domains\buildings\wp-content\plugins\objects-plugin\templates\content-object-list.php on line 5
[15-Jun-2024 18:19:31 UTC] PHP Notice:  Undefined variable: post in C:\OSPanel\domains\buildings\wp-content\plugins\objects-plugin\inc\ajax.php on line 121
[15-Jun-2024 18:19:31 UTC] PHP Notice:  Trying to get property 'id' of non-object in C:\OSPanel\domains\buildings\wp-content\plugins\objects-plugin\inc\ajax.php on line 121
[15-Jun-2024 18:19:31 UTC] PHP Notice:  Undefined variable: post in C:\OSPanel\domains\buildings\wp-content\plugins\objects-plugin\templates\content-object-list.php on line 2
[15-Jun-2024 18:19:31 UTC] PHP Notice:  Undefined variable: post in C:\OSPanel\domains\buildings\wp-content\plugins\objects-plugin\templates\content-object-list.php on line 5
[15-Jun-2024 18:19:31 UTC] PHP Notice:  Trying to get property 'ID' of non-object in C:\OSPanel\domains\buildings\wp-content\plugins\objects-plugin\templates\content-object-list.php on line 5
[15-Jun-2024 18:20:07 UTC] PHP Warning:  array_filter() expects parameter 1 to be array, null given in C:\OSPanel\domains\buildings\wp-includes\class-wp-query.php on line 3662
[15-Jun-2024 18:20:07 UTC] PHP Warning:  array_filter() expects parameter 1 to be array, null given in C:\OSPanel\domains\buildings\wp-includes\class-wp-query.php on line 3664
[15-Jun-2024 18:20:07 UTC] PHP Warning:  array_map(): Expected parameter 2 to be an array, null given in C:\OSPanel\domains\buildings\wp-includes\class-wp-query.php on line 3668
[15-Jun-2024 18:20:07 UTC] PHP Notice:  Trying to access array offset on value of type null in C:\OSPanel\domains\buildings\wp-includes\class-wp-query.php on line 3643
[15-Jun-2024 18:20:07 UTC] PHP Notice:  Undefined variable: post in C:\OSPanel\domains\buildings\wp-content\plugins\objects-plugin\templates\content-object-list.php on line 2
[15-Jun-2024 18:20:07 UTC] PHP Notice:  Undefined variable: post in C:\OSPanel\domains\buildings\wp-content\plugins\objects-plugin\templates\content-object-list.php on line 5
[15-Jun-2024 18:20:07 UTC] PHP Notice:  Trying to get property 'ID' of non-object in C:\OSPanel\domains\buildings\wp-content\plugins\objects-plugin\templates\content-object-list.php on line 5
[15-Jun-2024 18:20:07 UTC] PHP Notice:  Trying to access array offset on value of type null in C:\OSPanel\domains\buildings\wp-includes\class-wp-query.php on line 3643
[15-Jun-2024 18:20:07 UTC] PHP Notice:  Undefined variable: post in C:\OSPanel\domains\buildings\wp-content\plugins\objects-plugin\templates\content-object-list.php on line 2
[15-Jun-2024 18:20:07 UTC] PHP Notice:  Undefined variable: post in C:\OSPanel\domains\buildings\wp-content\plugins\objects-plugin\templates\content-object-list.php on line 5
[15-Jun-2024 18:20:07 UTC] PHP Notice:  Trying to get property 'ID' of non-object in C:\OSPanel\domains\buildings\wp-content\plugins\objects-plugin\templates\content-object-list.php on line 5
[15-Jun-2024 18:20:07 UTC] PHP Notice:  Trying to access array offset on value of type null in C:\OSPanel\domains\buildings\wp-includes\class-wp-query.php on line 3643
[15-Jun-2024 18:20:07 UTC] PHP Notice:  Undefined variable: post in C:\OSPanel\domains\buildings\wp-content\plugins\objects-plugin\templates\content-object-list.php on line 2
[15-Jun-2024 18:20:07 UTC] PHP Notice:  Undefined variable: post in C:\OSPanel\domains\buildings\wp-content\plugins\objects-plugin\templates\content-object-list.php on line 5
[15-Jun-2024 18:20:07 UTC] PHP Notice:  Trying to get property 'ID' of non-object in C:\OSPanel\domains\buildings\wp-content\plugins\objects-plugin\templates\content-object-list.php on line 5
[15-Jun-2024 18:20:07 UTC] PHP Notice:  Trying to access array offset on value of type null in C:\OSPanel\domains\buildings\wp-includes\class-wp-query.php on line 3643
[15-Jun-2024 18:20:07 UTC] PHP Notice:  Undefined variable: post in C:\OSPanel\domains\buildings\wp-content\plugins\objects-plugin\templates\content-object-list.php on line 2
[15-Jun-2024 18:20:07 UTC] PHP Notice:  Undefined variable: post in C:\OSPanel\domains\buildings\wp-content\plugins\objects-plugin\templates\content-object-list.php on line 5
[15-Jun-2024 18:20:07 UTC] PHP Notice:  Trying to get property 'ID' of non-object in C:\OSPanel\domains\buildings\wp-content\plugins\objects-plugin\templates\content-object-list.php on line 5
[15-Jun-2024 18:20:07 UTC] PHP Notice:  Trying to access array offset on value of type null in C:\OSPanel\domains\buildings\wp-includes\class-wp-query.php on line 3643
[15-Jun-2024 18:20:07 UTC] PHP Notice:  Undefined variable: post in C:\OSPanel\domains\buildings\wp-content\plugins\objects-plugin\templates\content-object-list.php on line 2
[15-Jun-2024 18:20:07 UTC] PHP Notice:  Undefined variable: post in C:\OSPanel\domains\buildings\wp-content\plugins\objects-plugin\templates\content-object-list.php on line 5
[15-Jun-2024 18:20:07 UTC] PHP Notice:  Trying to get property 'ID' of non-object in C:\OSPanel\domains\buildings\wp-content\plugins\objects-plugin\templates\content-object-list.php on line 5
[15-Jun-2024 18:20:27 UTC] PHP Notice:  Undefined variable: post in C:\OSPanel\domains\buildings\wp-content\plugins\objects-plugin\inc\ajax.php on line 121
[15-Jun-2024 18:20:27 UTC] PHP Notice:  Undefined variable: post in C:\OSPanel\domains\buildings\wp-content\plugins\objects-plugin\templates\content-object-list.php on line 2
[15-Jun-2024 18:20:27 UTC] PHP Notice:  Undefined variable: post in C:\OSPanel\domains\buildings\wp-content\plugins\objects-plugin\templates\content-object-list.php on line 5
[15-Jun-2024 18:20:27 UTC] PHP Notice:  Trying to get property 'ID' of non-object in C:\OSPanel\domains\buildings\wp-content\plugins\objects-plugin\templates\content-object-list.php on line 5
[15-Jun-2024 18:20:27 UTC] PHP Notice:  Undefined variable: post in C:\OSPanel\domains\buildings\wp-content\plugins\objects-plugin\inc\ajax.php on line 121
[15-Jun-2024 18:20:27 UTC] PHP Notice:  Undefined variable: post in C:\OSPanel\domains\buildings\wp-content\plugins\objects-plugin\templates\content-object-list.php on line 2
[15-Jun-2024 18:20:27 UTC] PHP Notice:  Undefined variable: post in C:\OSPanel\domains\buildings\wp-content\plugins\objects-plugin\templates\content-object-list.php on line 5
[15-Jun-2024 18:20:27 UTC] PHP Notice:  Trying to get property 'ID' of non-object in C:\OSPanel\domains\buildings\wp-content\plugins\objects-plugin\templates\content-object-list.php on line 5
[15-Jun-2024 18:20:27 UTC] PHP Notice:  Undefined variable: post in C:\OSPanel\domains\buildings\wp-content\plugins\objects-plugin\inc\ajax.php on line 121
[15-Jun-2024 18:20:27 UTC] PHP Notice:  Undefined variable: post in C:\OSPanel\domains\buildings\wp-content\plugins\objects-plugin\templates\content-object-list.php on line 2
[15-Jun-2024 18:20:27 UTC] PHP Notice:  Undefined variable: post in C:\OSPanel\domains\buildings\wp-content\plugins\objects-plugin\templates\content-object-list.php on line 5
[15-Jun-2024 18:20:27 UTC] PHP Notice:  Trying to get property 'ID' of non-object in C:\OSPanel\domains\buildings\wp-content\plugins\objects-plugin\templates\content-object-list.php on line 5
[15-Jun-2024 18:20:27 UTC] PHP Notice:  Undefined variable: post in C:\OSPanel\domains\buildings\wp-content\plugins\objects-plugin\inc\ajax.php on line 121
[15-Jun-2024 18:20:27 UTC] PHP Notice:  Undefined variable: post in C:\OSPanel\domains\buildings\wp-content\plugins\objects-plugin\templates\content-object-list.php on line 2
[15-Jun-2024 18:20:27 UTC] PHP Notice:  Undefined variable: post in C:\OSPanel\domains\buildings\wp-content\plugins\objects-plugin\templates\content-object-list.php on line 5
[15-Jun-2024 18:20:27 UTC] PHP Notice:  Trying to get property 'ID' of non-object in C:\OSPanel\domains\buildings\wp-content\plugins\objects-plugin\templates\content-object-list.php on line 5
[15-Jun-2024 18:20:27 UTC] PHP Notice:  Undefined variable: post in C:\OSPanel\domains\buildings\wp-content\plugins\objects-plugin\inc\ajax.php on line 121
[15-Jun-2024 18:20:27 UTC] PHP Notice:  Undefined variable: post in C:\OSPanel\domains\buildings\wp-content\plugins\objects-plugin\templates\content-object-list.php on line 2
[15-Jun-2024 18:20:27 UTC] PHP Notice:  Undefined variable: post in C:\OSPanel\domains\buildings\wp-content\plugins\objects-plugin\templates\content-object-list.php on line 5
[15-Jun-2024 18:20:27 UTC] PHP Notice:  Trying to get property 'ID' of non-object in C:\OSPanel\domains\buildings\wp-content\plugins\objects-plugin\templates\content-object-list.php on line 5
[15-Jun-2024 18:21:14 UTC] PHP Notice:  Undefined variable: post in C:\OSPanel\domains\buildings\wp-content\plugins\objects-plugin\templates\content-object-list.php on line 2
[15-Jun-2024 18:21:14 UTC] PHP Notice:  Undefined variable: post in C:\OSPanel\domains\buildings\wp-content\plugins\objects-plugin\templates\content-object-list.php on line 2
[15-Jun-2024 18:21:14 UTC] PHP Notice:  Undefined variable: post in C:\OSPanel\domains\buildings\wp-content\plugins\objects-plugin\templates\content-object-list.php on line 2
[15-Jun-2024 18:21:14 UTC] PHP Notice:  Undefined variable: post in C:\OSPanel\domains\buildings\wp-content\plugins\objects-plugin\templates\content-object-list.php on line 2
[15-Jun-2024 18:21:14 UTC] PHP Notice:  Undefined variable: post in C:\OSPanel\domains\buildings\wp-content\plugins\objects-plugin\templates\content-object-list.php on line 2
[15-Jun-2024 18:21:23 UTC] PHP Notice:  Undefined variable: post in C:\OSPanel\domains\buildings\wp-content\plugins\objects-plugin\templates\content-object-list.php on line 2
[15-Jun-2024 18:21:23 UTC] PHP Notice:  Undefined variable: post in C:\OSPanel\domains\buildings\wp-content\plugins\objects-plugin\templates\content-object-list.php on line 2
[15-Jun-2024 18:21:23 UTC] PHP Notice:  Undefined variable: post in C:\OSPanel\domains\buildings\wp-content\plugins\objects-plugin\templates\content-object-list.php on line 2
[15-Jun-2024 18:21:23 UTC] PHP Notice:  Undefined variable: post in C:\OSPanel\domains\buildings\wp-content\plugins\objects-plugin\templates\content-object-list.php on line 2
[15-Jun-2024 18:21:23 UTC] PHP Notice:  Undefined variable: post in C:\OSPanel\domains\buildings\wp-content\plugins\objects-plugin\templates\content-object-list.php on line 2
[15-Jun-2024 18:51:47 UTC] PHP Fatal error:  Cannot redeclare object_shortcode() (previously declared in C:\OSPanel\domains\buildings\wp-content\plugins\objects-plugin\templates\content-object-list.php:4) in C:\OSPanel\domains\buildings\wp-content\plugins\objects-plugin\templates\content-object-list.php on line 3
[15-Jun-2024 18:51:52 UTC] PHP Fatal error:  Cannot redeclare object_shortcode() (previously declared in C:\OSPanel\domains\buildings\wp-content\plugins\objects-plugin\templates\content-object-list.php:4) in C:\OSPanel\domains\buildings\wp-content\plugins\objects-plugin\templates\content-object-list.php on line 3
[15-Jun-2024 19:27:27 UTC] PHP Warning:  require_once(inc/filter-shortcode.php): failed to open stream: No such file or directory in C:\OSPanel\domains\buildings\wp-content\plugins\objects-plugin\objects-plugin.php on line 25
[15-Jun-2024 19:27:27 UTC] PHP Fatal error:  require_once(): Failed opening required 'inc/filter-shortcode.php' (include_path='.') in C:\OSPanel\domains\buildings\wp-content\plugins\objects-plugin\objects-plugin.php on line 25
[15-Jun-2024 19:27:27 UTC] PHP Notice:  Функцію is_embed було викликано неправильно. Умовні теґи запитів не працюють до здійснення запиту. До того, вони завжди повертають "false". Будь ласка, перегляньте <a>Виправлення помилок у WordPress</a> для більш детальної інформації. (Це повідомлення додане у версії 3.1.0.) in C:\OSPanel\domains\buildings\wp-includes\functions.php on line 6078
[15-Jun-2024 19:27:27 UTC] PHP Notice:  Функцію is_search було викликано неправильно. Умовні теґи запитів не працюють до здійснення запиту. До того, вони завжди повертають "false". Будь ласка, перегляньте <a>Виправлення помилок у WordPress</a> для більш детальної інформації. (Це повідомлення додане у версії 3.1.0.) in C:\OSPanel\domains\buildings\wp-includes\functions.php on line 6078
[15-Jun-2024 19:27:28 UTC] PHP Warning:  require_once(inc/filter-shortcode.php): failed to open stream: No such file or directory in C:\OSPanel\domains\buildings\wp-content\plugins\objects-plugin\objects-plugin.php on line 25
[15-Jun-2024 19:27:28 UTC] PHP Fatal error:  require_once(): Failed opening required 'inc/filter-shortcode.php' (include_path='.') in C:\OSPanel\domains\buildings\wp-content\plugins\objects-plugin\objects-plugin.php on line 25
[15-Jun-2024 19:27:28 UTC] PHP Notice:  Функцію is_embed було викликано неправильно. Умовні теґи запитів не працюють до здійснення запиту. До того, вони завжди повертають "false". Будь ласка, перегляньте <a>Виправлення помилок у WordPress</a> для більш детальної інформації. (Це повідомлення додане у версії 3.1.0.) in C:\OSPanel\domains\buildings\wp-includes\functions.php on line 6078
[15-Jun-2024 19:27:28 UTC] PHP Notice:  Функцію is_search було викликано неправильно. Умовні теґи запитів не працюють до здійснення запиту. До того, вони завжди повертають "false". Будь ласка, перегляньте <a>Виправлення помилок у WordPress</a> для більш детальної інформації. (Це повідомлення додане у версії 3.1.0.) in C:\OSPanel\domains\buildings\wp-includes\functions.php on line 6078
[15-Jun-2024 19:27:57 UTC] PHP Warning:  require_once(inc/filter-shortcode.php): failed to open stream: No such file or directory in C:\OSPanel\domains\buildings\wp-content\plugins\objects-plugin\objects-plugin.php on line 25
[15-Jun-2024 19:27:57 UTC] PHP Fatal error:  require_once(): Failed opening required 'inc/filter-shortcode.php' (include_path='.') in C:\OSPanel\domains\buildings\wp-content\plugins\objects-plugin\objects-plugin.php on line 25
[15-Jun-2024 19:28:21 UTC] PHP Warning:  require_once(inc/filter-shortcode.php): failed to open stream: No such file or directory in C:\OSPanel\domains\buildings\wp-content\plugins\objects-plugin\objects-plugin.php on line 25
[15-Jun-2024 19:28:21 UTC] PHP Fatal error:  require_once(): Failed opening required 'inc/filter-shortcode.php' (include_path='.') in C:\OSPanel\domains\buildings\wp-content\plugins\objects-plugin\objects-plugin.php on line 25
[15-Jun-2024 19:28:21 UTC] PHP Notice:  Функцію is_embed було викликано неправильно. Умовні теґи запитів не працюють до здійснення запиту. До того, вони завжди повертають "false". Будь ласка, перегляньте <a>Виправлення помилок у WordPress</a> для більш детальної інформації. (Це повідомлення додане у версії 3.1.0.) in C:\OSPanel\domains\buildings\wp-includes\functions.php on line 6078
[15-Jun-2024 19:28:21 UTC] PHP Notice:  Функцію is_search було викликано неправильно. Умовні теґи запитів не працюють до здійснення запиту. До того, вони завжди повертають "false". Будь ласка, перегляньте <a>Виправлення помилок у WordPress</a> для більш детальної інформації. (Це повідомлення додане у версії 3.1.0.) in C:\OSPanel\domains\buildings\wp-includes\functions.php on line 6078
[15-Jun-2024 19:28:22 UTC] PHP Warning:  require_once(inc/filter-shortcode.php): failed to open stream: No such file or directory in C:\OSPanel\domains\buildings\wp-content\plugins\objects-plugin\objects-plugin.php on line 25
[15-Jun-2024 19:28:22 UTC] PHP Fatal error:  require_once(): Failed opening required 'inc/filter-shortcode.php' (include_path='.') in C:\OSPanel\domains\buildings\wp-content\plugins\objects-plugin\objects-plugin.php on line 25
[15-Jun-2024 19:28:22 UTC] PHP Notice:  Функцію is_embed було викликано неправильно. Умовні теґи запитів не працюють до здійснення запиту. До того, вони завжди повертають "false". Будь ласка, перегляньте <a>Виправлення помилок у WordPress</a> для більш детальної інформації. (Це повідомлення додане у версії 3.1.0.) in C:\OSPanel\domains\buildings\wp-includes\functions.php on line 6078
[15-Jun-2024 19:28:22 UTC] PHP Notice:  Функцію is_search було викликано неправильно. Умовні теґи запитів не працюють до здійснення запиту. До того, вони завжди повертають "false". Будь ласка, перегляньте <a>Виправлення помилок у WordPress</a> для більш детальної інформації. (Це повідомлення додане у версії 3.1.0.) in C:\OSPanel\domains\buildings\wp-includes\functions.php on line 6078
[15-Jun-2024 19:28:25 UTC] PHP Warning:  require_once(inc/filter-shortcode.php): failed to open stream: No such file or directory in C:\OSPanel\domains\buildings\wp-content\plugins\objects-plugin\objects-plugin.php on line 25
[15-Jun-2024 19:28:25 UTC] PHP Fatal error:  require_once(): Failed opening required 'inc/filter-shortcode.php' (include_path='.') in C:\OSPanel\domains\buildings\wp-content\plugins\objects-plugin\objects-plugin.php on line 25
[15-Jun-2024 19:28:25 UTC] PHP Notice:  Функцію is_embed було викликано неправильно. Умовні теґи запитів не працюють до здійснення запиту. До того, вони завжди повертають "false". Будь ласка, перегляньте <a>Виправлення помилок у WordPress</a> для більш детальної інформації. (Це повідомлення додане у версії 3.1.0.) in C:\OSPanel\domains\buildings\wp-includes\functions.php on line 6078
[15-Jun-2024 19:28:25 UTC] PHP Notice:  Функцію is_search було викликано неправильно. Умовні теґи запитів не працюють до здійснення запиту. До того, вони завжди повертають "false". Будь ласка, перегляньте <a>Виправлення помилок у WordPress</a> для більш детальної інформації. (Це повідомлення додане у версії 3.1.0.) in C:\OSPanel\domains\buildings\wp-includes\functions.php on line 6078
[15-Jun-2024 19:28:26 UTC] PHP Warning:  require_once(inc/filter-shortcode.php): failed to open stream: No such file or directory in C:\OSPanel\domains\buildings\wp-content\plugins\objects-plugin\objects-plugin.php on line 25
[15-Jun-2024 19:28:26 UTC] PHP Fatal error:  require_once(): Failed opening required 'inc/filter-shortcode.php' (include_path='.') in C:\OSPanel\domains\buildings\wp-content\plugins\objects-plugin\objects-plugin.php on line 25
[15-Jun-2024 19:28:26 UTC] PHP Notice:  Функцію is_embed було викликано неправильно. Умовні теґи запитів не працюють до здійснення запиту. До того, вони завжди повертають "false". Будь ласка, перегляньте <a>Виправлення помилок у WordPress</a> для більш детальної інформації. (Це повідомлення додане у версії 3.1.0.) in C:\OSPanel\domains\buildings\wp-includes\functions.php on line 6078
[15-Jun-2024 19:28:26 UTC] PHP Notice:  Функцію is_search було викликано неправильно. Умовні теґи запитів не працюють до здійснення запиту. До того, вони завжди повертають "false". Будь ласка, перегляньте <a>Виправлення помилок у WordPress</a> для більш детальної інформації. (Це повідомлення додане у версії 3.1.0.) in C:\OSPanel\domains\buildings\wp-includes\functions.php on line 6078
[15-Jun-2024 19:28:53 UTC] PHP Warning:  require_once(inc/filter-shortcode.php): failed to open stream: No such file or directory in C:\OSPanel\domains\buildings\wp-content\plugins\objects-plugin\objects-plugin.php on line 39
[15-Jun-2024 19:28:53 UTC] PHP Fatal error:  require_once(): Failed opening required 'inc/filter-shortcode.php' (include_path='.') in C:\OSPanel\domains\buildings\wp-content\plugins\objects-plugin\objects-plugin.php on line 39
[15-Jun-2024 19:28:54 UTC] PHP Notice:  Функцію is_embed було викликано неправильно. Умовні теґи запитів не працюють до здійснення запиту. До того, вони завжди повертають "false". Будь ласка, перегляньте <a>Виправлення помилок у WordPress</a> для більш детальної інформації. (Це повідомлення додане у версії 3.1.0.) in C:\OSPanel\domains\buildings\wp-includes\functions.php on line 6078
[15-Jun-2024 19:28:54 UTC] PHP Notice:  Функцію is_search було викликано неправильно. Умовні теґи запитів не працюють до здійснення запиту. До того, вони завжди повертають "false". Будь ласка, перегляньте <a>Виправлення помилок у WordPress</a> для більш детальної інформації. (Це повідомлення додане у версії 3.1.0.) in C:\OSPanel\domains\buildings\wp-includes\functions.php on line 6078
[15-Jun-2024 19:28:54 UTC] PHP Warning:  require_once(inc/filter-shortcode.php): failed to open stream: No such file or directory in C:\OSPanel\domains\buildings\wp-content\plugins\objects-plugin\objects-plugin.php on line 39
[15-Jun-2024 19:28:54 UTC] PHP Fatal error:  require_once(): Failed opening required 'inc/filter-shortcode.php' (include_path='.') in C:\OSPanel\domains\buildings\wp-content\plugins\objects-plugin\objects-plugin.php on line 39
[15-Jun-2024 19:28:54 UTC] PHP Notice:  Функцію is_embed було викликано неправильно. Умовні теґи запитів не працюють до здійснення запиту. До того, вони завжди повертають "false". Будь ласка, перегляньте <a>Виправлення помилок у WordPress</a> для більш детальної інформації. (Це повідомлення додане у версії 3.1.0.) in C:\OSPanel\domains\buildings\wp-includes\functions.php on line 6078
[15-Jun-2024 19:28:54 UTC] PHP Notice:  Функцію is_search було викликано неправильно. Умовні теґи запитів не працюють до здійснення запиту. До того, вони завжди повертають "false". Будь ласка, перегляньте <a>Виправлення помилок у WordPress</a> для більш детальної інформації. (Це повідомлення додане у версії 3.1.0.) in C:\OSPanel\domains\buildings\wp-includes\functions.php on line 6078
[15-Jun-2024 19:29:14 UTC] PHP Warning:  require_once(inc/filter-shortcode.php): failed to open stream: No such file or directory in C:\OSPanel\domains\buildings\wp-content\plugins\objects-plugin\objects-plugin.php on line 50
[15-Jun-2024 19:29:14 UTC] PHP Fatal error:  require_once(): Failed opening required 'inc/filter-shortcode.php' (include_path='.') in C:\OSPanel\domains\buildings\wp-content\plugins\objects-plugin\objects-plugin.php on line 50
[15-Jun-2024 19:29:14 UTC] PHP Notice:  Функцію is_embed було викликано неправильно. Умовні теґи запитів не працюють до здійснення запиту. До того, вони завжди повертають "false". Будь ласка, перегляньте <a>Виправлення помилок у WordPress</a> для більш детальної інформації. (Це повідомлення додане у версії 3.1.0.) in C:\OSPanel\domains\buildings\wp-includes\functions.php on line 6078
[15-Jun-2024 19:29:14 UTC] PHP Notice:  Функцію is_search було викликано неправильно. Умовні теґи запитів не працюють до здійснення запиту. До того, вони завжди повертають "false". Будь ласка, перегляньте <a>Виправлення помилок у WordPress</a> для більш детальної інформації. (Це повідомлення додане у версії 3.1.0.) in C:\OSPanel\domains\buildings\wp-includes\functions.php on line 6078
[15-Jun-2024 19:29:15 UTC] PHP Warning:  require_once(inc/filter-shortcode.php): failed to open stream: No such file or directory in C:\OSPanel\domains\buildings\wp-content\plugins\objects-plugin\objects-plugin.php on line 50
[15-Jun-2024 19:29:15 UTC] PHP Fatal error:  require_once(): Failed opening required 'inc/filter-shortcode.php' (include_path='.') in C:\OSPanel\domains\buildings\wp-content\plugins\objects-plugin\objects-plugin.php on line 50
[15-Jun-2024 19:29:15 UTC] PHP Notice:  Функцію is_embed було викликано неправильно. Умовні теґи запитів не працюють до здійснення запиту. До того, вони завжди повертають "false". Будь ласка, перегляньте <a>Виправлення помилок у WordPress</a> для більш детальної інформації. (Це повідомлення додане у версії 3.1.0.) in C:\OSPanel\domains\buildings\wp-includes\functions.php on line 6078
[15-Jun-2024 19:29:15 UTC] PHP Notice:  Функцію is_search було викликано неправильно. Умовні теґи запитів не працюють до здійснення запиту. До того, вони завжди повертають "false". Будь ласка, перегляньте <a>Виправлення помилок у WordPress</a> для більш детальної інформації. (Це повідомлення додане у версії 3.1.0.) in C:\OSPanel\domains\buildings\wp-includes\functions.php on line 6078
[15-Jun-2024 19:29:26 UTC] PHP Warning:  require_once(inc/filter-shortcode.php): failed to open stream: No such file or directory in C:\OSPanel\domains\buildings\wp-content\plugins\objects-plugin\objects-plugin.php on line 50
[15-Jun-2024 19:29:26 UTC] PHP Fatal error:  require_once(): Failed opening required 'inc/filter-shortcode.php' (include_path='.') in C:\OSPanel\domains\buildings\wp-content\plugins\objects-plugin\objects-plugin.php on line 50
[15-Jun-2024 19:29:31 UTC] PHP Warning:  require_once(inc/filter-shortcode.php): failed to open stream: No such file or directory in C:\OSPanel\domains\buildings\wp-content\plugins\objects-plugin\objects-plugin.php on line 50
[15-Jun-2024 19:29:31 UTC] PHP Fatal error:  require_once(): Failed opening required 'inc/filter-shortcode.php' (include_path='.') in C:\OSPanel\domains\buildings\wp-content\plugins\objects-plugin\objects-plugin.php on line 50
[15-Jun-2024 19:29:31 UTC] PHP Notice:  Функцію is_embed було викликано неправильно. Умовні теґи запитів не працюють до здійснення запиту. До того, вони завжди повертають "false". Будь ласка, перегляньте <a>Виправлення помилок у WordPress</a> для більш детальної інформації. (Це повідомлення додане у версії 3.1.0.) in C:\OSPanel\domains\buildings\wp-includes\functions.php on line 6078
[15-Jun-2024 19:29:31 UTC] PHP Notice:  Функцію is_search було викликано неправильно. Умовні теґи запитів не працюють до здійснення запиту. До того, вони завжди повертають "false". Будь ласка, перегляньте <a>Виправлення помилок у WordPress</a> для більш детальної інформації. (Це повідомлення додане у версії 3.1.0.) in C:\OSPanel\domains\buildings\wp-includes\functions.php on line 6078
[15-Jun-2024 19:29:32 UTC] PHP Warning:  require_once(inc/filter-shortcode.php): failed to open stream: No such file or directory in C:\OSPanel\domains\buildings\wp-content\plugins\objects-plugin\objects-plugin.php on line 50
[15-Jun-2024 19:29:32 UTC] PHP Fatal error:  require_once(): Failed opening required 'inc/filter-shortcode.php' (include_path='.') in C:\OSPanel\domains\buildings\wp-content\plugins\objects-plugin\objects-plugin.php on line 50
[15-Jun-2024 19:29:32 UTC] PHP Notice:  Функцію is_embed було викликано неправильно. Умовні теґи запитів не працюють до здійснення запиту. До того, вони завжди повертають "false". Будь ласка, перегляньте <a>Виправлення помилок у WordPress</a> для більш детальної інформації. (Це повідомлення додане у версії 3.1.0.) in C:\OSPanel\domains\buildings\wp-includes\functions.php on line 6078
[15-Jun-2024 19:29:32 UTC] PHP Notice:  Функцію is_search було викликано неправильно. Умовні теґи запитів не працюють до здійснення запиту. До того, вони завжди повертають "false". Будь ласка, перегляньте <a>Виправлення помилок у WordPress</a> для більш детальної інформації. (Це повідомлення додане у версії 3.1.0.) in C:\OSPanel\domains\buildings\wp-includes\functions.php on line 6078
[15-Jun-2024 19:29:34 UTC] PHP Warning:  require_once(inc/filter-shortcode.php): failed to open stream: No such file or directory in C:\OSPanel\domains\buildings\wp-content\plugins\objects-plugin\objects-plugin.php on line 50
[15-Jun-2024 19:29:34 UTC] PHP Fatal error:  require_once(): Failed opening required 'inc/filter-shortcode.php' (include_path='.') in C:\OSPanel\domains\buildings\wp-content\plugins\objects-plugin\objects-plugin.php on line 50
[15-Jun-2024 19:29:34 UTC] PHP Notice:  Функцію is_embed було викликано неправильно. Умовні теґи запитів не працюють до здійснення запиту. До того, вони завжди повертають "false". Будь ласка, перегляньте <a>Виправлення помилок у WordPress</a> для більш детальної інформації. (Це повідомлення додане у версії 3.1.0.) in C:\OSPanel\domains\buildings\wp-includes\functions.php on line 6078
[15-Jun-2024 19:29:34 UTC] PHP Notice:  Функцію is_search було викликано неправильно. Умовні теґи запитів не працюють до здійснення запиту. До того, вони завжди повертають "false". Будь ласка, перегляньте <a>Виправлення помилок у WordPress</a> для більш детальної інформації. (Це повідомлення додане у версії 3.1.0.) in C:\OSPanel\domains\buildings\wp-includes\functions.php on line 6078
[15-Jun-2024 19:29:34 UTC] PHP Warning:  require_once(inc/filter-shortcode.php): failed to open stream: No such file or directory in C:\OSPanel\domains\buildings\wp-content\plugins\objects-plugin\objects-plugin.php on line 50
[15-Jun-2024 19:29:34 UTC] PHP Fatal error:  require_once(): Failed opening required 'inc/filter-shortcode.php' (include_path='.') in C:\OSPanel\domains\buildings\wp-content\plugins\objects-plugin\objects-plugin.php on line 50
[15-Jun-2024 19:29:34 UTC] PHP Notice:  Функцію is_embed було викликано неправильно. Умовні теґи запитів не працюють до здійснення запиту. До того, вони завжди повертають "false". Будь ласка, перегляньте <a>Виправлення помилок у WordPress</a> для більш детальної інформації. (Це повідомлення додане у версії 3.1.0.) in C:\OSPanel\domains\buildings\wp-includes\functions.php on line 6078
[15-Jun-2024 19:29:34 UTC] PHP Notice:  Функцію is_search було викликано неправильно. Умовні теґи запитів не працюють до здійснення запиту. До того, вони завжди повертають "false". Будь ласка, перегляньте <a>Виправлення помилок у WordPress</a> для більш детальної інформації. (Це повідомлення додане у версії 3.1.0.) in C:\OSPanel\domains\buildings\wp-includes\functions.php on line 6078
[15-Jun-2024 19:31:09 UTC] PHP Warning:  require_once(acf-init/ajax.php): failed to open stream: No such file or directory in C:\OSPanel\domains\buildings\wp-content\plugins\objects-plugin\objects-plugin.php on line 22
[15-Jun-2024 19:31:09 UTC] PHP Fatal error:  require_once(): Failed opening required 'acf-init/ajax.php' (include_path='.') in C:\OSPanel\domains\buildings\wp-content\plugins\objects-plugin\objects-plugin.php on line 22
[15-Jun-2024 19:31:09 UTC] PHP Notice:  Функцію is_embed було викликано неправильно. Умовні теґи запитів не працюють до здійснення запиту. До того, вони завжди повертають "false". Будь ласка, перегляньте <a>Виправлення помилок у WordPress</a> для більш детальної інформації. (Це повідомлення додане у версії 3.1.0.) in C:\OSPanel\domains\buildings\wp-includes\functions.php on line 6078
[15-Jun-2024 19:31:09 UTC] PHP Notice:  Функцію is_search було викликано неправильно. Умовні теґи запитів не працюють до здійснення запиту. До того, вони завжди повертають "false". Будь ласка, перегляньте <a>Виправлення помилок у WordPress</a> для більш детальної інформації. (Це повідомлення додане у версії 3.1.0.) in C:\OSPanel\domains\buildings\wp-includes\functions.php on line 6078
[15-Jun-2024 19:31:10 UTC] PHP Warning:  require_once(acf-init/ajax.php): failed to open stream: No such file or directory in C:\OSPanel\domains\buildings\wp-content\plugins\objects-plugin\objects-plugin.php on line 22
[15-Jun-2024 19:31:10 UTC] PHP Fatal error:  require_once(): Failed opening required 'acf-init/ajax.php' (include_path='.') in C:\OSPanel\domains\buildings\wp-content\plugins\objects-plugin\objects-plugin.php on line 22
[15-Jun-2024 19:31:10 UTC] PHP Notice:  Функцію is_embed було викликано неправильно. Умовні теґи запитів не працюють до здійснення запиту. До того, вони завжди повертають "false". Будь ласка, перегляньте <a>Виправлення помилок у WordPress</a> для більш детальної інформації. (Це повідомлення додане у версії 3.1.0.) in C:\OSPanel\domains\buildings\wp-includes\functions.php on line 6078
[15-Jun-2024 19:31:10 UTC] PHP Notice:  Функцію is_search було викликано неправильно. Умовні теґи запитів не працюють до здійснення запиту. До того, вони завжди повертають "false". Будь ласка, перегляньте <a>Виправлення помилок у WordPress</a> для більш детальної інформації. (Це повідомлення додане у версії 3.1.0.) in C:\OSPanel\domains\buildings\wp-includes\functions.php on line 6078
[15-Jun-2024 19:31:40 UTC] PHP Warning:  require_once(inc/acf-init/ajax.php): failed to open stream: No such file or directory in C:\OSPanel\domains\buildings\wp-content\plugins\objects-plugin\objects-plugin.php on line 22
[15-Jun-2024 19:31:40 UTC] PHP Fatal error:  require_once(): Failed opening required 'inc/acf-init/ajax.php' (include_path='.') in C:\OSPanel\domains\buildings\wp-content\plugins\objects-plugin\objects-plugin.php on line 22
[15-Jun-2024 19:31:40 UTC] PHP Notice:  Функцію is_embed було викликано неправильно. Умовні теґи запитів не працюють до здійснення запиту. До того, вони завжди повертають "false". Будь ласка, перегляньте <a>Виправлення помилок у WordPress</a> для більш детальної інформації. (Це повідомлення додане у версії 3.1.0.) in C:\OSPanel\domains\buildings\wp-includes\functions.php on line 6078
[15-Jun-2024 19:31:40 UTC] PHP Notice:  Функцію is_search було викликано неправильно. Умовні теґи запитів не працюють до здійснення запиту. До того, вони завжди повертають "false". Будь ласка, перегляньте <a>Виправлення помилок у WordPress</a> для більш детальної інформації. (Це повідомлення додане у версії 3.1.0.) in C:\OSPanel\domains\buildings\wp-includes\functions.php on line 6078
[15-Jun-2024 19:31:40 UTC] PHP Warning:  require_once(inc/acf-init/ajax.php): failed to open stream: No such file or directory in C:\OSPanel\domains\buildings\wp-content\plugins\objects-plugin\objects-plugin.php on line 22
[15-Jun-2024 19:31:40 UTC] PHP Fatal error:  require_once(): Failed opening required 'inc/acf-init/ajax.php' (include_path='.') in C:\OSPanel\domains\buildings\wp-content\plugins\objects-plugin\objects-plugin.php on line 22
[15-Jun-2024 19:31:40 UTC] PHP Notice:  Функцію is_embed було викликано неправильно. Умовні теґи запитів не працюють до здійснення запиту. До того, вони завжди повертають "false". Будь ласка, перегляньте <a>Виправлення помилок у WordPress</a> для більш детальної інформації. (Це повідомлення додане у версії 3.1.0.) in C:\OSPanel\domains\buildings\wp-includes\functions.php on line 6078
[15-Jun-2024 19:31:40 UTC] PHP Notice:  Функцію is_search було викликано неправильно. Умовні теґи запитів не працюють до здійснення запиту. До того, вони завжди повертають "false". Будь ласка, перегляньте <a>Виправлення помилок у WordPress</a> для більш детальної інформації. (Це повідомлення додане у версії 3.1.0.) in C:\OSPanel\domains\buildings\wp-includes\functions.php on line 6078
[15-Jun-2024 19:31:45 UTC] PHP Warning:  require_once(inc/acf-init/ajax.php): failed to open stream: No such file or directory in C:\OSPanel\domains\buildings\wp-content\plugins\objects-plugin\objects-plugin.php on line 22
[15-Jun-2024 19:31:45 UTC] PHP Fatal error:  require_once(): Failed opening required 'inc/acf-init/ajax.php' (include_path='.') in C:\OSPanel\domains\buildings\wp-content\plugins\objects-plugin\objects-plugin.php on line 22
[15-Jun-2024 19:31:45 UTC] PHP Notice:  Функцію is_embed було викликано неправильно. Умовні теґи запитів не працюють до здійснення запиту. До того, вони завжди повертають "false". Будь ласка, перегляньте <a>Виправлення помилок у WordPress</a> для більш детальної інформації. (Це повідомлення додане у версії 3.1.0.) in C:\OSPanel\domains\buildings\wp-includes\functions.php on line 6078
[15-Jun-2024 19:31:45 UTC] PHP Notice:  Функцію is_search було викликано неправильно. Умовні теґи запитів не працюють до здійснення запиту. До того, вони завжди повертають "false". Будь ласка, перегляньте <a>Виправлення помилок у WordPress</a> для більш детальної інформації. (Це повідомлення додане у версії 3.1.0.) in C:\OSPanel\domains\buildings\wp-includes\functions.php on line 6078
[15-Jun-2024 19:31:46 UTC] PHP Warning:  require_once(inc/acf-init/ajax.php): failed to open stream: No such file or directory in C:\OSPanel\domains\buildings\wp-content\plugins\objects-plugin\objects-plugin.php on line 22
[15-Jun-2024 19:31:46 UTC] PHP Fatal error:  require_once(): Failed opening required 'inc/acf-init/ajax.php' (include_path='.') in C:\OSPanel\domains\buildings\wp-content\plugins\objects-plugin\objects-plugin.php on line 22
[15-Jun-2024 19:31:46 UTC] PHP Notice:  Функцію is_embed було викликано неправильно. Умовні теґи запитів не працюють до здійснення запиту. До того, вони завжди повертають "false". Будь ласка, перегляньте <a>Виправлення помилок у WordPress</a> для більш детальної інформації. (Це повідомлення додане у версії 3.1.0.) in C:\OSPanel\domains\buildings\wp-includes\functions.php on line 6078
[15-Jun-2024 19:31:46 UTC] PHP Notice:  Функцію is_search було викликано неправильно. Умовні теґи запитів не працюють до здійснення запиту. До того, вони завжди повертають "false". Будь ласка, перегляньте <a>Виправлення помилок у WordPress</a> для більш детальної інформації. (Це повідомлення додане у версії 3.1.0.) in C:\OSPanel\domains\buildings\wp-includes\functions.php on line 6078
[16-Jun-2024 13:29:47 UTC] PHP Fatal error:  Uncaught Error: Call to undefined function the_field() in C:\OSPanel\domains\buildings\wp-content\themes\objects-child\template-parts\thumbnail.php:4
Stack trace:
#0 C:\OSPanel\domains\buildings\wp-includes\template.php(812): require()
#1 C:\OSPanel\domains\buildings\wp-includes\template.php(745): load_template()
#2 C:\OSPanel\domains\buildings\wp-includes\general-template.php(206): locate_template()
#3 C:\OSPanel\domains\buildings\wp-content\themes\objects-child\template-parts\one-post.php(6): get_template_part()
#4 C:\OSPanel\domains\buildings\wp-includes\template.php(812): require('C:\\OSPanel\\doma...')
#5 C:\OSPanel\domains\buildings\wp-includes\template.php(745): load_template()
#6 C:\OSPanel\domains\buildings\wp-includes\general-template.php(206): locate_template()
#7 C:\OSPanel\domains\buildings\wp-content\themes\objects-child\templates\home.php(28): get_template_part()
#8 C:\OSPanel\domains\buildings\wp-includes\template-loader.php(106): include('C:\\OSPanel\\doma...')
#9 C:\OSPanel\domains\buildings in C:\OSPanel\domains\buildings\wp-content\themes\objects-child\template-parts\thumbnail.php on line 4
